<?xml version="1.0" encoding="UTF-8"?>
<!-- Generated by org.testng.reporters.JUnitXMLReporter -->
<testsuite ignored="1" hostname="ip-192-168-1-87.ap-south-1.compute.internal" failures="0" tests="1" name="Default test" time="29.712" errors="0" timestamp="2025-07-09T16:52:53 IST">
  <testcase classname="login.Login_test" name="verify_loginText" time="0.121"/>
  <testcase classname="login.Login_test" name="logout" time="0.0">
    <ignored/>
  </testcase> <!-- logout -->
</testsuite> <!-- Default test -->
