<?xml version="1.0" encoding="UTF-8"?>
<testng-results ignored="1" total="2" passed="1" failed="0" skipped="0">
  <reporter-output>
  </reporter-output>
  <suite started-at="2025-07-09T16:52:23 IST" name="Default suite" finished-at="2025-07-09T16:52:53 IST" duration-ms="29712">
    <groups>
    </groups>
    <test started-at="2025-07-09T16:52:23 IST" name="Default test" finished-at="2025-07-09T16:52:53 IST" duration-ms="29712">
      <class name="login.Login_test">
        <test-method is-config="true" signature="setUp()[pri:0, instance:login.Login_test@4b6579e8]" started-at="2025-07-09T16:52:23 IST" name="setUp" finished-at="2025-07-09T16:52:49 IST" duration-ms="26353" status="PASS">
          <reporter-output>
          </reporter-output>
        </test-method> <!-- setUp -->
        <test-method signature="verify_loginText()[pri:0, instance:login.Login_test@4b6579e8]" started-at="2025-07-09T16:52:49 IST" name="verify_loginText" finished-at="2025-07-09T16:52:49 IST" duration-ms="121" status="PASS">
          <reporter-output>
          </reporter-output>
        </test-method> <!-- verify_loginText -->
        <test-method is-config="true" signature="tearDown()[pri:0, instance:login.Login_test@4b6579e8]" started-at="2025-07-09T16:52:49 IST" name="tearDown" finished-at="2025-07-09T16:52:53 IST" duration-ms="3179" status="PASS">
          <reporter-output>
          </reporter-output>
        </test-method> <!-- tearDown -->
      </class> <!-- login.Login_test -->
    </test> <!-- Default test -->
  </suite> <!-- Default suite -->
</testng-results>
