<?xml version="1.0" encoding="UTF-8"?>
<testng-results ignored="0" total="1" passed="1" failed="0" skipped="0">
  <reporter-output>
  </reporter-output>
  <suite started-at="2025-07-09T15:33:20 IST" name="Default suite" finished-at="2025-07-09T15:33:35 IST" duration-ms="15172">
    <groups>
    </groups>
    <test started-at="2025-07-09T15:33:20 IST" name="Default test" finished-at="2025-07-09T15:33:35 IST" duration-ms="15172">
      <class name="login.Login_test">
        <test-method is-config="true" signature="setUp()[pri:0, instance:login.Login_test@31024624]" started-at="2025-07-09T15:33:20 IST" name="setUp" finished-at="2025-07-09T15:33:35 IST" duration-ms="15115" status="PASS">
          <reporter-output>
          </reporter-output>
        </test-method> <!-- setUp -->
        <test-method signature="login()[pri:0, instance:login.Login_test@31024624]" started-at="2025-07-09T15:33:35 IST" name="login" finished-at="2025-07-09T15:33:35 IST" duration-ms="23" status="PASS">
          <reporter-output>
          </reporter-output>
        </test-method> <!-- login -->
      </class> <!-- login.Login_test -->
    </test> <!-- Default test -->
  </suite> <!-- Default suite -->
</testng-results>
