<?xml version="1.0" encoding="UTF-8"?>
<testng-results ignored="0" total="2" passed="2" failed="0" skipped="0">
  <reporter-output>
  </reporter-output>
  <suite started-at="2025-07-09T15:50:55 IST" name="Default suite" finished-at="2025-07-09T15:51:33 IST" duration-ms="38577">
    <groups>
    </groups>
    <test started-at="2025-07-09T15:50:55 IST" name="Default test" finished-at="2025-07-09T15:51:33 IST" duration-ms="38577">
      <class name="login.Login_test">
        <test-method is-config="true" signature="setUp()[pri:0, instance:login.Login_test@40dd3977]" started-at="2025-07-09T15:50:55 IST" name="setUp" finished-at="2025-07-09T15:51:10 IST" duration-ms="15547" status="PASS">
          <reporter-output>
          </reporter-output>
        </test-method> <!-- setUp -->
        <test-method signature="login()[pri:0, instance:login.Login_test@40dd3977]" started-at="2025-07-09T15:51:10 IST" name="login" finished-at="2025-07-09T15:51:10 IST" duration-ms="26" status="PASS">
          <reporter-output>
          </reporter-output>
        </test-method> <!-- login -->
        <test-method is-config="true" signature="tearDown()[pri:0, instance:login.Login_test@40dd3977]" started-at="2025-07-09T15:51:10 IST" name="tearDown" finished-at="2025-07-09T15:51:13 IST" duration-ms="3190" status="PASS">
          <reporter-output>
          </reporter-output>
        </test-method> <!-- tearDown -->
        <test-method is-config="true" signature="setUp()[pri:0, instance:login.Login_test@40dd3977]" started-at="2025-07-09T15:51:13 IST" name="setUp" finished-at="2025-07-09T15:51:29 IST" duration-ms="15477" status="PASS">
          <reporter-output>
          </reporter-output>
        </test-method> <!-- setUp -->
        <test-method signature="logout()[pri:0, instance:login.Login_test@40dd3977]" started-at="2025-07-09T15:51:29 IST" name="logout" finished-at="2025-07-09T15:51:30 IST" duration-ms="1114" status="PASS">
          <reporter-output>
          </reporter-output>
        </test-method> <!-- logout -->
        <test-method is-config="true" signature="tearDown()[pri:0, instance:login.Login_test@40dd3977]" started-at="2025-07-09T15:51:30 IST" name="tearDown" finished-at="2025-07-09T15:51:33 IST" duration-ms="3175" status="PASS">
          <reporter-output>
          </reporter-output>
        </test-method> <!-- tearDown -->
      </class> <!-- login.Login_test -->
    </test> <!-- Default test -->
  </suite> <!-- Default suite -->
</testng-results>
